<?xml version="1.0" encoding="UTF-8"?>
<coverage generated="1670223018546" clover="3.2.0">
  <project timestamp="1670223018546" name="All files">
    <metrics statements="10" coveredstatements="5" conditionals="1" coveredconditionals="0" methods="2" coveredmethods="1" elements="13" coveredelements="6" complexity="0" loc="10" ncloc="10" packages="1" files="1" classes="1"/>
    <file name="ethereum.service.ts" path="/Users/mokhaled/Projects/Ethereum/src/services/ethereum.service.ts">
      <metrics statements="10" coveredstatements="5" conditionals="1" coveredconditionals="0" methods="2" coveredmethods="1"/>
      <line num="1" count="1" type="stmt"/>
      <line num="2" count="1" type="stmt"/>
      <line num="4" count="2" type="stmt"/>
      <line num="5" count="2" type="stmt"/>
      <line num="6" count="2" type="stmt"/>
      <line num="18" count="0" type="cond" truecount="0" falsecount="1"/>
      <line num="19" count="0" type="stmt"/>
      <line num="20" count="0" type="stmt"/>
      <line num="24" count="0" type="stmt"/>
      <line num="26" count="0" type="stmt"/>
    </file>
  </project>
</coverage>
