{"/Users/mokhaled/Projects/Ethereum/src/services/ethereum.service.ts": {"path":"/Users/mokhaled/Projects/Ethereum/src/services/ethereum.service.ts","statementMap":{"0":{"start":{"line":1,"column":0},"end":{"line":1,"column":25}},"1":{"start":{"line":4,"column":30},"end":{"line":4,"column":32}},"2":{"start":{"line":5,"column":27},"end":{"line":5,"column":28}},"3":{"start":{"line":6,"column":25},"end":{"line":17,"column":10}},"4":{"start":{"line":18,"column":8},"end":{"line":30,"column":null}},"5":{"start":{"line":19,"column":12},"end":{"line":25,"column":15}},"6":{"start":{"line":20,"column":16},"end":{"line":23,"column":null}},"7":{"start":{"line":24,"column":16},"end":{"line":24,"column":null}},"8":{"start":{"line":26,"column":12},"end":{"line":29,"column":null}},"9":{"start":{"line":2,"column":0},"end":{"line":2,"column":13}}},"fnMap":{"0":{"name":"(anonymous_8)","decl":{"start":{"line":3,"column":10},"end":{"line":3,"column":25}},"loc":{"start":{"line":3,"column":43},"end":{"line":31,"column":null}}},"1":{"name":"(anonymous_10)","decl":{"start":{"line":19,"column":41},"end":{"line":19,"column":42}},"loc":{"start":{"line":19,"column":92},"end":{"line":25,"column":13}}}},"branchMap":{"0":{"loc":{"start":{"line":18,"column":8},"end":{"line":30,"column":null}},"type":"if","locations":[{"start":{"line":18,"column":8},"end":{"line":30,"column":null}}]}},"s":{"0":1,"1":2,"2":2,"3":2,"4":0,"5":0,"6":0,"7":0,"8":0,"9":1},"f":{"0":2,"1":0},"b":{"0":[0]}}
}
